2020-12-10 06:10:52 SEVERE: Getting result set failed: (1146) Table 'zohooauth.oauthtokens' doesn't exist
2020-12-10 06:10:52 SEVERE: Exception occured while getting OAuthTokens from DB(file::ZohoOAuthPersistenceHandler)(No Tokens exist for the given user-identifier,Please generate and try again.)
zcrmsdk\oauth\exception\ZohoOAuthException Caused by:'No Tokens exist for the given user-identifier,Please generate and try again.' in /opt/lampp/htdocs/CarbonOnClick/wp-content/plugins/zoho/vendor/zohocrm/php-sdk-archive/src/oauth/persistence/ZohoOAuthPersistenceHandler.php(45)
#0 /opt/lampp/htdocs/CarbonOnClick/wp-content/plugins/zoho/vendor/zohocrm/php-sdk-archive/src/oauth/ZohoOAuthClient.php(38): zcrmsdk\oauth\persistence\ZohoOAuthPersistenceHandler->getOAuthTokens('iqbal.brightnes...')
#1 /opt/lampp/htdocs/CarbonOnClick/wp-content/plugins/zoho/vendor/zohocrm/php-sdk-archive/src/crm/utility/ZCRMConfigUtil.php(104): zcrmsdk\oauth\ZohoOAuthClient->getAccessToken('iqbal.brightnes...')
#2 /opt/lampp/htdocs/CarbonOnClick/wp-content/plugins/zoho/vendor/zohocrm/php-sdk-archive/src/crm/api/APIRequest.php(88): zcrmsdk\crm\utility\ZCRMConfigUtil::getAccessToken()
#3 /opt/lampp/htdocs/CarbonOnClick/wp-content/plugins/zoho/vendor/zohocrm/php-sdk-archive/src/crm/api/APIRequest.php(113): zcrmsdk\crm\api\APIRequest->authenticateRequest()
#4 /opt/lampp/htdocs/CarbonOnClick/wp-content/plugins/zoho/vendor/zohocrm/php-sdk-archive/src/crm/api/handler/EntityAPIHandler.php(45): zcrmsdk\crm\api\APIRequest->getAPIResponse()
#5 /opt/lampp/htdocs/CarbonOnClick/wp-content/plugins/zoho/vendor/zohocrm/php-sdk-archive/src/crm/crud/ZCRMModule.php(1070): zcrmsdk\crm\api\handler\EntityAPIHandler->getRecord(Array, Array)
#6 /opt/lampp/htdocs/CarbonOnClick/wp-content/plugins/zoho/vendor/zohocrm/php-sdk-archive/samplecodes/module.php(601): zcrmsdk\crm\crud\ZCRMModule->getRecord('{record_id}', Array, Array)
#7 /opt/lampp/htdocs/CarbonOnClick/wp-content/plugins/zoho/vendor/zohocrm/php-sdk-archive/samplecodes/module.php(1497): Module->getRecord()
#8 /opt/lampp/htdocs/CarbonOnClick/wp-content/plugins/zoho/zoho.php(74): require_once('/opt/lampp/htdo...')
#9 /opt/lampp/htdocs/CarbonOnClick/wp-settings.php(388): include_once('/opt/lampp/htdo...')
#10 /opt/lampp/htdocs/CarbonOnClick/wp-config.php(92): require_once('/opt/lampp/htdo...')
#11 /opt/lampp/htdocs/CarbonOnClick/wp-load.php(37): require_once('/opt/lampp/htdo...')
#12 /opt/lampp/htdocs/CarbonOnClick/wp-blog-header.php(13): require_once('/opt/lampp/htdo...')
#13 /opt/lampp/htdocs/CarbonOnClick/index.php(17): require('/opt/lampp/htdo...')
#14 {main}
2020-12-10 06:10:52 INFO: Access Token has expired. Hence refreshing.
2020-12-10 06:11:02 SEVERE: Getting result set failed: (1146) Table 'zohooauth.oauthtokens' doesn't exist
2020-12-10 06:11:02 SEVERE: Exception occured while getting OAuthTokens from DB(file::ZohoOAuthPersistenceHandler)(No Tokens exist for the given user-identifier,Please generate and try again.)
zcrmsdk\oauth\exception\ZohoOAuthException Caused by:'No Tokens exist for the given user-identifier,Please generate and try again.' in /opt/lampp/htdocs/CarbonOnClick/wp-content/plugins/zoho/vendor/zohocrm/php-sdk-archive/src/oauth/persistence/ZohoOAuthPersistenceHandler.php(45)
#0 /opt/lampp/htdocs/CarbonOnClick/wp-content/plugins/zoho/vendor/zohocrm/php-sdk-archive/src/oauth/ZohoOAuthClient.php(38): zcrmsdk\oauth\persistence\ZohoOAuthPersistenceHandler->getOAuthTokens('iqbal.brightnes...')
#1 /opt/lampp/htdocs/CarbonOnClick/wp-content/plugins/zoho/vendor/zohocrm/php-sdk-archive/src/crm/utility/ZCRMConfigUtil.php(104): zcrmsdk\oauth\ZohoOAuthClient->getAccessToken('iqbal.brightnes...')
#2 /opt/lampp/htdocs/CarbonOnClick/wp-content/plugins/zoho/vendor/zohocrm/php-sdk-archive/src/crm/api/APIRequest.php(88): zcrmsdk\crm\utility\ZCRMConfigUtil::getAccessToken()
#3 /opt/lampp/htdocs/CarbonOnClick/wp-content/plugins/zoho/vendor/zohocrm/php-sdk-archive/src/crm/api/APIRequest.php(113): zcrmsdk\crm\api\APIRequest->authenticateRequest()
#4 /opt/lampp/htdocs/CarbonOnClick/wp-content/plugins/zoho/vendor/zohocrm/php-sdk-archive/src/crm/api/handler/EntityAPIHandler.php(45): zcrmsdk\crm\api\APIRequest->getAPIResponse()
#5 /opt/lampp/htdocs/CarbonOnClick/wp-content/plugins/zoho/vendor/zohocrm/php-sdk-archive/src/crm/crud/ZCRMModule.php(1070): zcrmsdk\crm\api\handler\EntityAPIHandler->getRecord(Array, Array)
#6 /opt/lampp/htdocs/CarbonOnClick/wp-content/plugins/zoho/vendor/zohocrm/php-sdk-archive/samplecodes/module.php(601): zcrmsdk\crm\crud\ZCRMModule->getRecord('{record_id}', Array, Array)
#7 /opt/lampp/htdocs/CarbonOnClick/wp-content/plugins/zoho/vendor/zohocrm/php-sdk-archive/samplecodes/module.php(1497): Module->getRecord()
#8 /opt/lampp/htdocs/CarbonOnClick/wp-content/plugins/zoho/zoho.php(74): require_once('/opt/lampp/htdo...')
#9 /opt/lampp/htdocs/CarbonOnClick/wp-settings.php(388): include_once('/opt/lampp/htdo...')
#10 /opt/lampp/htdocs/CarbonOnClick/wp-config.php(92): require_once('/opt/lampp/htdo...')
#11 /opt/lampp/htdocs/CarbonOnClick/wp-load.php(37): require_once('/opt/lampp/htdo...')
#12 /opt/lampp/htdocs/CarbonOnClick/wp-blog-header.php(13): require_once('/opt/lampp/htdo...')
#13 /opt/lampp/htdocs/CarbonOnClick/index.php(17): require('/opt/lampp/htdo...')
#14 {main}
2020-12-10 06:11:02 INFO: Access Token has expired. Hence refreshing.
2020-12-10 06:12:06 SEVERE: Getting result set failed: (1146) Table 'zohooauth.oauthtokens' doesn't exist
2020-12-10 06:12:06 SEVERE: Exception occured while getting OAuthTokens from DB(file::ZohoOAuthPersistenceHandler)(No Tokens exist for the given user-identifier,Please generate and try again.)
zcrmsdk\oauth\exception\ZohoOAuthException Caused by:'No Tokens exist for the given user-identifier,Please generate and try again.' in /opt/lampp/htdocs/CarbonOnClick/wp-content/plugins/zoho/vendor/zohocrm/php-sdk-archive/src/oauth/persistence/ZohoOAuthPersistenceHandler.php(45)
#0 /opt/lampp/htdocs/CarbonOnClick/wp-content/plugins/zoho/vendor/zohocrm/php-sdk-archive/src/oauth/ZohoOAuthClient.php(38): zcrmsdk\oauth\persistence\ZohoOAuthPersistenceHandler->getOAuthTokens('iqbal.brightnes...')
#1 /opt/lampp/htdocs/CarbonOnClick/wp-content/plugins/zoho/vendor/zohocrm/php-sdk-archive/src/crm/utility/ZCRMConfigUtil.php(104): zcrmsdk\oauth\ZohoOAuthClient->getAccessToken('iqbal.brightnes...')
#2 /opt/lampp/htdocs/CarbonOnClick/wp-content/plugins/zoho/vendor/zohocrm/php-sdk-archive/src/crm/api/APIRequest.php(88): zcrmsdk\crm\utility\ZCRMConfigUtil::getAccessToken()
#3 /opt/lampp/htdocs/CarbonOnClick/wp-content/plugins/zoho/vendor/zohocrm/php-sdk-archive/src/crm/api/APIRequest.php(113): zcrmsdk\crm\api\APIRequest->authenticateRequest()
#4 /opt/lampp/htdocs/CarbonOnClick/wp-content/plugins/zoho/vendor/zohocrm/php-sdk-archive/src/crm/api/handler/EntityAPIHandler.php(45): zcrmsdk\crm\api\APIRequest->getAPIResponse()
#5 /opt/lampp/htdocs/CarbonOnClick/wp-content/plugins/zoho/vendor/zohocrm/php-sdk-archive/src/crm/crud/ZCRMModule.php(1070): zcrmsdk\crm\api\handler\EntityAPIHandler->getRecord(Array, Array)
#6 /opt/lampp/htdocs/CarbonOnClick/wp-content/plugins/zoho/vendor/zohocrm/php-sdk-archive/samplecodes/module.php(601): zcrmsdk\crm\crud\ZCRMModule->getRecord('{record_id}', Array, Array)
#7 /opt/lampp/htdocs/CarbonOnClick/wp-content/plugins/zoho/vendor/zohocrm/php-sdk-archive/samplecodes/module.php(1497): Module->getRecord()
#8 /opt/lampp/htdocs/CarbonOnClick/wp-content/plugins/zoho/zoho.php(74): require_once('/opt/lampp/htdo...')
#9 /opt/lampp/htdocs/CarbonOnClick/wp-settings.php(388): include_once('/opt/lampp/htdo...')
#10 /opt/lampp/htdocs/CarbonOnClick/wp-config.php(92): require_once('/opt/lampp/htdo...')
#11 /opt/lampp/htdocs/CarbonOnClick/wp-load.php(37): require_once('/opt/lampp/htdo...')
#12 /opt/lampp/htdocs/CarbonOnClick/wp-admin/admin-ajax.php(22): require_once('/opt/lampp/htdo...')
#13 {main}
2020-12-10 06:12:06 INFO: Access Token has expired. Hence refreshing.
2020-12-10 06:12:23 SEVERE: Getting result set failed: (1146) Table 'zohooauth.oauthtokens' doesn't exist
2020-12-10 06:12:23 SEVERE: Exception occured while getting OAuthTokens from DB(file::ZohoOAuthPersistenceHandler)(No Tokens exist for the given user-identifier,Please generate and try again.)
zcrmsdk\oauth\exception\ZohoOAuthException Caused by:'No Tokens exist for the given user-identifier,Please generate and try again.' in /opt/lampp/htdocs/CarbonOnClick/wp-content/plugins/zoho/vendor/zohocrm/php-sdk-archive/src/oauth/persistence/ZohoOAuthPersistenceHandler.php(45)
#0 /opt/lampp/htdocs/CarbonOnClick/wp-content/plugins/zoho/vendor/zohocrm/php-sdk-archive/src/oauth/ZohoOAuthClient.php(38): zcrmsdk\oauth\persistence\ZohoOAuthPersistenceHandler->getOAuthTokens('iqbal.brightnes...')
#1 /opt/lampp/htdocs/CarbonOnClick/wp-content/plugins/zoho/vendor/zohocrm/php-sdk-archive/src/crm/utility/ZCRMConfigUtil.php(104): zcrmsdk\oauth\ZohoOAuthClient->getAccessToken('iqbal.brightnes...')
#2 /opt/lampp/htdocs/CarbonOnClick/wp-content/plugins/zoho/vendor/zohocrm/php-sdk-archive/src/crm/api/APIRequest.php(88): zcrmsdk\crm\utility\ZCRMConfigUtil::getAccessToken()
#3 /opt/lampp/htdocs/CarbonOnClick/wp-content/plugins/zoho/vendor/zohocrm/php-sdk-archive/src/crm/api/APIRequest.php(113): zcrmsdk\crm\api\APIRequest->authenticateRequest()
#4 /opt/lampp/htdocs/CarbonOnClick/wp-content/plugins/zoho/vendor/zohocrm/php-sdk-archive/src/crm/api/handler/EntityAPIHandler.php(45): zcrmsdk\crm\api\APIRequest->getAPIResponse()
#5 /opt/lampp/htdocs/CarbonOnClick/wp-content/plugins/zoho/vendor/zohocrm/php-sdk-archive/src/crm/crud/ZCRMModule.php(1070): zcrmsdk\crm\api\handler\EntityAPIHandler->getRecord(Array, Array)
#6 /opt/lampp/htdocs/CarbonOnClick/wp-content/plugins/zoho/vendor/zohocrm/php-sdk-archive/samplecodes/module.php(601): zcrmsdk\crm\crud\ZCRMModule->getRecord('{record_id}', Array, Array)
#7 /opt/lampp/htdocs/CarbonOnClick/wp-content/plugins/zoho/vendor/zohocrm/php-sdk-archive/samplecodes/module.php(1497): Module->getRecord()
#8 /opt/lampp/htdocs/CarbonOnClick/wp-content/plugins/zoho/zoho.php(74): require_once('/opt/lampp/htdo...')
#9 /opt/lampp/htdocs/CarbonOnClick/wp-settings.php(388): include_once('/opt/lampp/htdo...')
#10 /opt/lampp/htdocs/CarbonOnClick/wp-config.php(92): require_once('/opt/lampp/htdo...')
#11 /opt/lampp/htdocs/CarbonOnClick/wp-load.php(37): require_once('/opt/lampp/htdo...')
#12 /opt/lampp/htdocs/CarbonOnClick/wp-admin/admin-ajax.php(22): require_once('/opt/lampp/htdo...')
#13 {main}
2020-12-10 06:12:23 INFO: Access Token has expired. Hence refreshing.
2020-12-10 06:12:28 SEVERE: Getting result set failed: (1146) Table 'zohooauth.oauthtokens' doesn't exist
2020-12-10 06:12:28 SEVERE: Exception occured while getting OAuthTokens from DB(file::ZohoOAuthPersistenceHandler)(No Tokens exist for the given user-identifier,Please generate and try again.)
zcrmsdk\oauth\exception\ZohoOAuthException Caused by:'No Tokens exist for the given user-identifier,Please generate and try again.' in /opt/lampp/htdocs/CarbonOnClick/wp-content/plugins/zoho/vendor/zohocrm/php-sdk-archive/src/oauth/persistence/ZohoOAuthPersistenceHandler.php(45)
#0 /opt/lampp/htdocs/CarbonOnClick/wp-content/plugins/zoho/vendor/zohocrm/php-sdk-archive/src/oauth/ZohoOAuthClient.php(38): zcrmsdk\oauth\persistence\ZohoOAuthPersistenceHandler->getOAuthTokens('iqbal.brightnes...')
#1 /opt/lampp/htdocs/CarbonOnClick/wp-content/plugins/zoho/vendor/zohocrm/php-sdk-archive/src/crm/utility/ZCRMConfigUtil.php(104): zcrmsdk\oauth\ZohoOAuthClient->getAccessToken('iqbal.brightnes...')
#2 /opt/lampp/htdocs/CarbonOnClick/wp-content/plugins/zoho/vendor/zohocrm/php-sdk-archive/src/crm/api/APIRequest.php(88): zcrmsdk\crm\utility\ZCRMConfigUtil::getAccessToken()
#3 /opt/lampp/htdocs/CarbonOnClick/wp-content/plugins/zoho/vendor/zohocrm/php-sdk-archive/src/crm/api/APIRequest.php(113): zcrmsdk\crm\api\APIRequest->authenticateRequest()
#4 /opt/lampp/htdocs/CarbonOnClick/wp-content/plugins/zoho/vendor/zohocrm/php-sdk-archive/src/crm/api/handler/EntityAPIHandler.php(45): zcrmsdk\crm\api\APIRequest->getAPIResponse()
#5 /opt/lampp/htdocs/CarbonOnClick/wp-content/plugins/zoho/vendor/zohocrm/php-sdk-archive/src/crm/crud/ZCRMModule.php(1070): zcrmsdk\crm\api\handler\EntityAPIHandler->getRecord(Array, Array)
#6 /opt/lampp/htdocs/CarbonOnClick/wp-content/plugins/zoho/vendor/zohocrm/php-sdk-archive/samplecodes/module.php(601): zcrmsdk\crm\crud\ZCRMModule->getRecord('{record_id}', Array, Array)
#7 /opt/lampp/htdocs/CarbonOnClick/wp-content/plugins/zoho/vendor/zohocrm/php-sdk-archive/samplecodes/module.php(1497): Module->getRecord()
#8 /opt/lampp/htdocs/CarbonOnClick/wp-content/plugins/zoho/zoho.php(74): require_once('/opt/lampp/htdo...')
#9 /opt/lampp/htdocs/CarbonOnClick/wp-settings.php(388): include_once('/opt/lampp/htdo...')
#10 /opt/lampp/htdocs/CarbonOnClick/wp-config.php(92): require_once('/opt/lampp/htdo...')
#11 /opt/lampp/htdocs/CarbonOnClick/wp-load.php(37): require_once('/opt/lampp/htdo...')
#12 /opt/lampp/htdocs/CarbonOnClick/wp-admin/admin-ajax.php(22): require_once('/opt/lampp/htdo...')
#13 {main}
2020-12-10 06:12:28 INFO: Access Token has expired. Hence refreshing.
2020-12-10 06:14:54 INFO: Access Token has expired. Hence refreshing.
2020-12-10 06:15:21 INFO: Access Token has expired. Hence refreshing.
2020-12-10 06:16:06 INFO: Access Token has expired. Hence refreshing.
2020-12-10 06:16:10 ERROR: zcrmsdk\crm\exception\ZCRMException Caused by:'Unknown zcrmsdk\crm\exception\ZCRMException' in /opt/lampp/htdocs/CarbonOnClick/wp-content/plugins/zoho/vendor/zohocrm/php-sdk-archive/src/crm/exception/ZCRMException.php(31)
Trace::#0 /opt/lampp/htdocs/CarbonOnClick/wp-content/plugins/zoho/vendor/zohocrm/php-sdk-archive/src/crm/api/response/APIResponse.php(93): zcrmsdk\crm\exception\ZCRMException->__construct(NULL, 400)
#1 /opt/lampp/htdocs/CarbonOnClick/wp-content/plugins/zoho/vendor/zohocrm/php-sdk-archive/src/crm/api/response/CommonAPIResponse.php(76): zcrmsdk\crm\api\response\APIResponse->handleForFaultyResponses()
#2 /opt/lampp/htdocs/CarbonOnClick/wp-content/plugins/zoho/vendor/zohocrm/php-sdk-archive/src/crm/api/response/CommonAPIResponse.php(67): zcrmsdk\crm\api\response\CommonAPIResponse->processResponse()
#3 /opt/lampp/htdocs/CarbonOnClick/wp-content/plugins/zoho/vendor/zohocrm/php-sdk-archive/src/crm/api/response/APIResponse.php(34): zcrmsdk\crm\api\response\CommonAPIResponse->__construct('HTTP/1.1 400 \r\n...', 400, NULL)
#4 /opt/lampp/htdocs/CarbonOnClick/wp-content/plugins/zoho/vendor/zohocrm/php-sdk-archive/src/crm/api/APIRequest.php(122): zcrmsdk\crm\api\response\APIResponse->__construct('HTTP/1.1 400 \r\n...', 400)
#5 /opt/lampp/htdocs/CarbonOnClick/wp-content/plugins/zoho/vendor/zohocrm/php-sdk-archive/src/crm/api/handler/EntityAPIHandler.php(45): zcrmsdk\crm\api\APIRequest->getAPIResponse()
#6 /opt/lampp/htdocs/CarbonOnClick/wp-content/plugins/zoho/vendor/zohocrm/php-sdk-archive/src/crm/crud/ZCRMModule.php(1070): zcrmsdk\crm\api\handler\EntityAPIHandler->getRecord(Array, Array)
#7 /opt/lampp/htdocs/CarbonOnClick/wp-content/plugins/zoho/vendor/zohocrm/php-sdk-archive/samplecodes/module.php(601): zcrmsdk\crm\crud\ZCRMModule->getRecord('{record_id}', Array, Array)
#8 /opt/lampp/htdocs/CarbonOnClick/wp-content/plugins/zoho/vendor/zohocrm/php-sdk-archive/samplecodes/module.php(1497): Module->getRecord()
#9 /opt/lampp/htdocs/CarbonOnClick/wp-content/plugins/zoho/zoho.php(74): require_once('/opt/lampp/htdo...')
#10 /opt/lampp/htdocs/CarbonOnClick/wp-settings.php(388): include_once('/opt/lampp/htdo...')
#11 /opt/lampp/htdocs/CarbonOnClick/wp-config.php(92): require_once('/opt/lampp/htdo...')
#12 /opt/lampp/htdocs/CarbonOnClick/wp-load.php(37): require_once('/opt/lampp/htdo...')
#13 /opt/lampp/htdocs/CarbonOnClick/wp-blog-header.php(13): require_once('/opt/lampp/htdo...')
#14 /opt/lampp/htdocs/CarbonOnClick/index.php(17): require('/opt/lampp/htdo...')
#15 {main}
2020-12-10 06:16:24 ERROR: zcrmsdk\crm\exception\ZCRMException Caused by:'Unknown zcrmsdk\crm\exception\ZCRMException' in /opt/lampp/htdocs/CarbonOnClick/wp-content/plugins/zoho/vendor/zohocrm/php-sdk-archive/src/crm/exception/ZCRMException.php(31)
Trace::#0 /opt/lampp/htdocs/CarbonOnClick/wp-content/plugins/zoho/vendor/zohocrm/php-sdk-archive/src/crm/api/response/APIResponse.php(93): zcrmsdk\crm\exception\ZCRMException->__construct(NULL, 400)
#1 /opt/lampp/htdocs/CarbonOnClick/wp-content/plugins/zoho/vendor/zohocrm/php-sdk-archive/src/crm/api/response/CommonAPIResponse.php(76): zcrmsdk\crm\api\response\APIResponse->handleForFaultyResponses()
#2 /opt/lampp/htdocs/CarbonOnClick/wp-content/plugins/zoho/vendor/zohocrm/php-sdk-archive/src/crm/api/response/CommonAPIResponse.php(67): zcrmsdk\crm\api\response\CommonAPIResponse->processResponse()
#3 /opt/lampp/htdocs/CarbonOnClick/wp-content/plugins/zoho/vendor/zohocrm/php-sdk-archive/src/crm/api/response/APIResponse.php(34): zcrmsdk\crm\api\response\CommonAPIResponse->__construct('HTTP/1.1 400 \r\n...', 400, NULL)
#4 /opt/lampp/htdocs/CarbonOnClick/wp-content/plugins/zoho/vendor/zohocrm/php-sdk-archive/src/crm/api/APIRequest.php(122): zcrmsdk\crm\api\response\APIResponse->__construct('HTTP/1.1 400 \r\n...', 400)
#5 /opt/lampp/htdocs/CarbonOnClick/wp-content/plugins/zoho/vendor/zohocrm/php-sdk-archive/src/crm/api/handler/EntityAPIHandler.php(45): zcrmsdk\crm\api\APIRequest->getAPIResponse()
#6 /opt/lampp/htdocs/CarbonOnClick/wp-content/plugins/zoho/vendor/zohocrm/php-sdk-archive/src/crm/crud/ZCRMModule.php(1070): zcrmsdk\crm\api\handler\EntityAPIHandler->getRecord(Array, Array)
#7 /opt/lampp/htdocs/CarbonOnClick/wp-content/plugins/zoho/vendor/zohocrm/php-sdk-archive/samplecodes/module.php(601): zcrmsdk\crm\crud\ZCRMModule->getRecord('{record_id}', Array, Array)
#8 /opt/lampp/htdocs/CarbonOnClick/wp-content/plugins/zoho/vendor/zohocrm/php-sdk-archive/samplecodes/module.php(1497): Module->getRecord()
#9 /opt/lampp/htdocs/CarbonOnClick/wp-content/plugins/zoho/zoho.php(74): require_once('/opt/lampp/htdo...')
#10 /opt/lampp/htdocs/CarbonOnClick/wp-settings.php(388): include_once('/opt/lampp/htdo...')
#11 /opt/lampp/htdocs/CarbonOnClick/wp-config.php(92): require_once('/opt/lampp/htdo...')
#12 /opt/lampp/htdocs/CarbonOnClick/wp-load.php(37): require_once('/opt/lampp/htdo...')
#13 /opt/lampp/htdocs/CarbonOnClick/wp-blog-header.php(13): require_once('/opt/lampp/htdo...')
#14 /opt/lampp/htdocs/CarbonOnClick/index.php(17): require('/opt/lampp/htdo...')
#15 {main}
2020-12-10 06:16:46 ERROR: zcrmsdk\crm\exception\ZCRMException Caused by:'Unknown zcrmsdk\crm\exception\ZCRMException' in /opt/lampp/htdocs/CarbonOnClick/wp-content/plugins/zoho/vendor/zohocrm/php-sdk-archive/src/crm/exception/ZCRMException.php(31)
Trace::#0 /opt/lampp/htdocs/CarbonOnClick/wp-content/plugins/zoho/vendor/zohocrm/php-sdk-archive/src/crm/api/response/APIResponse.php(93): zcrmsdk\crm\exception\ZCRMException->__construct(NULL, 400)
#1 /opt/lampp/htdocs/CarbonOnClick/wp-content/plugins/zoho/vendor/zohocrm/php-sdk-archive/src/crm/api/response/CommonAPIResponse.php(76): zcrmsdk\crm\api\response\APIResponse->handleForFaultyResponses()
#2 /opt/lampp/htdocs/CarbonOnClick/wp-content/plugins/zoho/vendor/zohocrm/php-sdk-archive/src/crm/api/response/CommonAPIResponse.php(67): zcrmsdk\crm\api\response\CommonAPIResponse->processResponse()
#3 /opt/lampp/htdocs/CarbonOnClick/wp-content/plugins/zoho/vendor/zohocrm/php-sdk-archive/src/crm/api/response/APIResponse.php(34): zcrmsdk\crm\api\response\CommonAPIResponse->__construct('HTTP/1.1 400 \r\n...', 400, NULL)
#4 /opt/lampp/htdocs/CarbonOnClick/wp-content/plugins/zoho/vendor/zohocrm/php-sdk-archive/src/crm/api/APIRequest.php(122): zcrmsdk\crm\api\response\APIResponse->__construct('HTTP/1.1 400 \r\n...', 400)
#5 /opt/lampp/htdocs/CarbonOnClick/wp-content/plugins/zoho/vendor/zohocrm/php-sdk-archive/src/crm/api/handler/EntityAPIHandler.php(45): zcrmsdk\crm\api\APIRequest->getAPIResponse()
#6 /opt/lampp/htdocs/CarbonOnClick/wp-content/plugins/zoho/vendor/zohocrm/php-sdk-archive/src/crm/crud/ZCRMModule.php(1070): zcrmsdk\crm\api\handler\EntityAPIHandler->getRecord(Array, Array)
#7 /opt/lampp/htdocs/CarbonOnClick/wp-content/plugins/zoho/vendor/zohocrm/php-sdk-archive/samplecodes/module.php(601): zcrmsdk\crm\crud\ZCRMModule->getRecord('{record_id}', Array, Array)
#8 /opt/lampp/htdocs/CarbonOnClick/wp-content/plugins/zoho/vendor/zohocrm/php-sdk-archive/samplecodes/module.php(1497): Module->getRecord()
#9 /opt/lampp/htdocs/CarbonOnClick/wp-content/plugins/zoho/zoho.php(74): require_once('/opt/lampp/htdo...')
#10 /opt/lampp/htdocs/CarbonOnClick/wp-settings.php(388): include_once('/opt/lampp/htdo...')
#11 /opt/lampp/htdocs/CarbonOnClick/wp-config.php(92): require_once('/opt/lampp/htdo...')
#12 /opt/lampp/htdocs/CarbonOnClick/wp-load.php(37): require_once('/opt/lampp/htdo...')
#13 /opt/lampp/htdocs/CarbonOnClick/wp-admin/admin-ajax.php(22): require_once('/opt/lampp/htdo...')
#14 {main}
2020-12-10 06:17:44 ERROR: zcrmsdk\crm\exception\ZCRMException Caused by:'Unknown zcrmsdk\crm\exception\ZCRMException' in /opt/lampp/htdocs/CarbonOnClick/wp-content/plugins/zoho/vendor/zohocrm/php-sdk-archive/src/crm/exception/ZCRMException.php(31)
Trace::#0 /opt/lampp/htdocs/CarbonOnClick/wp-content/plugins/zoho/vendor/zohocrm/php-sdk-archive/src/crm/api/response/APIResponse.php(93): zcrmsdk\crm\exception\ZCRMException->__construct(NULL, 400)
#1 /opt/lampp/htdocs/CarbonOnClick/wp-content/plugins/zoho/vendor/zohocrm/php-sdk-archive/src/crm/api/response/CommonAPIResponse.php(76): zcrmsdk\crm\api\response\APIResponse->handleForFaultyResponses()
#2 /opt/lampp/htdocs/CarbonOnClick/wp-content/plugins/zoho/vendor/zohocrm/php-sdk-archive/src/crm/api/response/CommonAPIResponse.php(67): zcrmsdk\crm\api\response\CommonAPIResponse->processResponse()
#3 /opt/lampp/htdocs/CarbonOnClick/wp-content/plugins/zoho/vendor/zohocrm/php-sdk-archive/src/crm/api/response/APIResponse.php(34): zcrmsdk\crm\api\response\CommonAPIResponse->__construct('HTTP/1.1 400 \r\n...', 400, NULL)
#4 /opt/lampp/htdocs/CarbonOnClick/wp-content/plugins/zoho/vendor/zohocrm/php-sdk-archive/src/crm/api/APIRequest.php(122): zcrmsdk\crm\api\response\APIResponse->__construct('HTTP/1.1 400 \r\n...', 400)
#5 /opt/lampp/htdocs/CarbonOnClick/wp-content/plugins/zoho/vendor/zohocrm/php-sdk-archive/src/crm/api/handler/EntityAPIHandler.php(45): zcrmsdk\crm\api\APIRequest->getAPIResponse()
#6 /opt/lampp/htdocs/CarbonOnClick/wp-content/plugins/zoho/vendor/zohocrm/php-sdk-archive/src/crm/crud/ZCRMModule.php(1070): zcrmsdk\crm\api\handler\EntityAPIHandler->getRecord(Array, Array)
#7 /opt/lampp/htdocs/CarbonOnClick/wp-content/plugins/zoho/vendor/zohocrm/php-sdk-archive/samplecodes/module.php(601): zcrmsdk\crm\crud\ZCRMModule->getRecord('{record_id}', Array, Array)
#8 /opt/lampp/htdocs/CarbonOnClick/wp-content/plugins/zoho/vendor/zohocrm/php-sdk-archive/samplecodes/module.php(1497): Module->getRecord()
#9 /opt/lampp/htdocs/CarbonOnClick/wp-content/plugins/zoho/zoho.php(74): require_once('/opt/lampp/htdo...')
#10 /opt/lampp/htdocs/CarbonOnClick/wp-settings.php(388): include_once('/opt/lampp/htdo...')
#11 /opt/lampp/htdocs/CarbonOnClick/wp-config.php(92): require_once('/opt/lampp/htdo...')
#12 /opt/lampp/htdocs/CarbonOnClick/wp-load.php(37): require_once('/opt/lampp/htdo...')
#13 /opt/lampp/htdocs/CarbonOnClick/wp-blog-header.php(13): require_once('/opt/lampp/htdo...')
#14 /opt/lampp/htdocs/CarbonOnClick/index.php(17): require('/opt/lampp/htdo...')
#15 {main}
2020-12-10 06:18:07 ERROR: zcrmsdk\crm\exception\ZCRMException Caused by:'Unknown zcrmsdk\crm\exception\ZCRMException' in /opt/lampp/htdocs/CarbonOnClick/wp-content/plugins/zoho/vendor/zohocrm/php-sdk-archive/src/crm/exception/ZCRMException.php(31)
Trace::#0 /opt/lampp/htdocs/CarbonOnClick/wp-content/plugins/zoho/vendor/zohocrm/php-sdk-archive/src/crm/api/response/APIResponse.php(93): zcrmsdk\crm\exception\ZCRMException->__construct(NULL, 400)
#1 /opt/lampp/htdocs/CarbonOnClick/wp-content/plugins/zoho/vendor/zohocrm/php-sdk-archive/src/crm/api/response/CommonAPIResponse.php(76): zcrmsdk\crm\api\response\APIResponse->handleForFaultyResponses()
#2 /opt/lampp/htdocs/CarbonOnClick/wp-content/plugins/zoho/vendor/zohocrm/php-sdk-archive/src/crm/api/response/CommonAPIResponse.php(67): zcrmsdk\crm\api\response\CommonAPIResponse->processResponse()
#3 /opt/lampp/htdocs/CarbonOnClick/wp-content/plugins/zoho/vendor/zohocrm/php-sdk-archive/src/crm/api/response/APIResponse.php(34): zcrmsdk\crm\api\response\CommonAPIResponse->__construct('HTTP/1.1 400 \r\n...', 400, NULL)
#4 /opt/lampp/htdocs/CarbonOnClick/wp-content/plugins/zoho/vendor/zohocrm/php-sdk-archive/src/crm/api/APIRequest.php(122): zcrmsdk\crm\api\response\APIResponse->__construct('HTTP/1.1 400 \r\n...', 400)
#5 /opt/lampp/htdocs/CarbonOnClick/wp-content/plugins/zoho/vendor/zohocrm/php-sdk-archive/src/crm/api/handler/EntityAPIHandler.php(45): zcrmsdk\crm\api\APIRequest->getAPIResponse()
#6 /opt/lampp/htdocs/CarbonOnClick/wp-content/plugins/zoho/vendor/zohocrm/php-sdk-archive/src/crm/crud/ZCRMModule.php(1070): zcrmsdk\crm\api\handler\EntityAPIHandler->getRecord(Array, Array)
#7 /opt/lampp/htdocs/CarbonOnClick/wp-content/plugins/zoho/vendor/zohocrm/php-sdk-archive/samplecodes/module.php(601): zcrmsdk\crm\crud\ZCRMModule->getRecord('{record_id}', Array, Array)
#8 /opt/lampp/htdocs/CarbonOnClick/wp-content/plugins/zoho/vendor/zohocrm/php-sdk-archive/samplecodes/module.php(1497): Module->getRecord()
#9 /opt/lampp/htdocs/CarbonOnClick/wp-content/plugins/zoho/zoho.php(74): require_once('/opt/lampp/htdo...')
#10 /opt/lampp/htdocs/CarbonOnClick/wp-settings.php(388): include_once('/opt/lampp/htdo...')
#11 /opt/lampp/htdocs/CarbonOnClick/wp-config.php(92): require_once('/opt/lampp/htdo...')
#12 /opt/lampp/htdocs/CarbonOnClick/wp-load.php(37): require_once('/opt/lampp/htdo...')
#13 /opt/lampp/htdocs/CarbonOnClick/wp-admin/admin-ajax.php(22): require_once('/opt/lampp/htdo...')
#14 {main}
2020-12-10 06:18:29 ERROR: zcrmsdk\crm\exception\ZCRMException Caused by:'Unknown zcrmsdk\crm\exception\ZCRMException' in /opt/lampp/htdocs/CarbonOnClick/wp-content/plugins/zoho/vendor/zohocrm/php-sdk-archive/src/crm/exception/ZCRMException.php(31)
Trace::#0 /opt/lampp/htdocs/CarbonOnClick/wp-content/plugins/zoho/vendor/zohocrm/php-sdk-archive/src/crm/api/response/APIResponse.php(93): zcrmsdk\crm\exception\ZCRMException->__construct(NULL, 400)
#1 /opt/lampp/htdocs/CarbonOnClick/wp-content/plugins/zoho/vendor/zohocrm/php-sdk-archive/src/crm/api/response/CommonAPIResponse.php(76): zcrmsdk\crm\api\response\APIResponse->handleForFaultyResponses()
#2 /opt/lampp/htdocs/CarbonOnClick/wp-content/plugins/zoho/vendor/zohocrm/php-sdk-archive/src/crm/api/response/CommonAPIResponse.php(67): zcrmsdk\crm\api\response\CommonAPIResponse->processResponse()
#3 /opt/lampp/htdocs/CarbonOnClick/wp-content/plugins/zoho/vendor/zohocrm/php-sdk-archive/src/crm/api/response/APIResponse.php(34): zcrmsdk\crm\api\response\CommonAPIResponse->__construct('HTTP/1.1 400 \r\n...', 400, NULL)
#4 /opt/lampp/htdocs/CarbonOnClick/wp-content/plugins/zoho/vendor/zohocrm/php-sdk-archive/src/crm/api/APIRequest.php(122): zcrmsdk\crm\api\response\APIResponse->__construct('HTTP/1.1 400 \r\n...', 400)
#5 /opt/lampp/htdocs/CarbonOnClick/wp-content/plugins/zoho/vendor/zohocrm/php-sdk-archive/src/crm/api/handler/EntityAPIHandler.php(45): zcrmsdk\crm\api\APIRequest->getAPIResponse()
#6 /opt/lampp/htdocs/CarbonOnClick/wp-content/plugins/zoho/vendor/zohocrm/php-sdk-archive/src/crm/crud/ZCRMModule.php(1070): zcrmsdk\crm\api\handler\EntityAPIHandler->getRecord(Array, Array)
#7 /opt/lampp/htdocs/CarbonOnClick/wp-content/plugins/zoho/vendor/zohocrm/php-sdk-archive/samplecodes/module.php(601): zcrmsdk\crm\crud\ZCRMModule->getRecord('{record_id}', Array, Array)
#8 /opt/lampp/htdocs/CarbonOnClick/wp-content/plugins/zoho/vendor/zohocrm/php-sdk-archive/samplecodes/module.php(1497): Module->getRecord()
#9 /opt/lampp/htdocs/CarbonOnClick/wp-content/plugins/zoho/zoho.php(74): require_once('/opt/lampp/htdo...')
#10 /opt/lampp/htdocs/CarbonOnClick/wp-settings.php(388): include_once('/opt/lampp/htdo...')
#11 /opt/lampp/htdocs/CarbonOnClick/wp-config.php(92): require_once('/opt/lampp/htdo...')
#12 /opt/lampp/htdocs/CarbonOnClick/wp-load.php(37): require_once('/opt/lampp/htdo...')
#13 /opt/lampp/htdocs/CarbonOnClick/wp-blog-header.php(13): require_once('/opt/lampp/htdo...')
#14 /opt/lampp/htdocs/CarbonOnClick/index.php(17): require('/opt/lampp/htdo...')
#15 {main}
2020-12-10 06:18:42 ERROR: zcrmsdk\crm\exception\ZCRMException Caused by:'Unknown zcrmsdk\crm\exception\ZCRMException' in /opt/lampp/htdocs/CarbonOnClick/wp-content/plugins/zoho/vendor/zohocrm/php-sdk-archive/src/crm/exception/ZCRMException.php(31)
Trace::#0 /opt/lampp/htdocs/CarbonOnClick/wp-content/plugins/zoho/vendor/zohocrm/php-sdk-archive/src/crm/api/response/APIResponse.php(93): zcrmsdk\crm\exception\ZCRMException->__construct(NULL, 400)
#1 /opt/lampp/htdocs/CarbonOnClick/wp-content/plugins/zoho/vendor/zohocrm/php-sdk-archive/src/crm/api/response/CommonAPIResponse.php(76): zcrmsdk\crm\api\response\APIResponse->handleForFaultyResponses()
#2 /opt/lampp/htdocs/CarbonOnClick/wp-content/plugins/zoho/vendor/zohocrm/php-sdk-archive/src/crm/api/response/CommonAPIResponse.php(67): zcrmsdk\crm\api\response\CommonAPIResponse->processResponse()
#3 /opt/lampp/htdocs/CarbonOnClick/wp-content/plugins/zoho/vendor/zohocrm/php-sdk-archive/src/crm/api/response/APIResponse.php(34): zcrmsdk\crm\api\response\CommonAPIResponse->__construct('HTTP/1.1 400 \r\n...', 400, NULL)
#4 /opt/lampp/htdocs/CarbonOnClick/wp-content/plugins/zoho/vendor/zohocrm/php-sdk-archive/src/crm/api/APIRequest.php(122): zcrmsdk\crm\api\response\APIResponse->__construct('HTTP/1.1 400 \r\n...', 400)
#5 /opt/lampp/htdocs/CarbonOnClick/wp-content/plugins/zoho/vendor/zohocrm/php-sdk-archive/src/crm/api/handler/EntityAPIHandler.php(45): zcrmsdk\crm\api\APIRequest->getAPIResponse()
#6 /opt/lampp/htdocs/CarbonOnClick/wp-content/plugins/zoho/vendor/zohocrm/php-sdk-archive/src/crm/crud/ZCRMModule.php(1070): zcrmsdk\crm\api\handler\EntityAPIHandler->getRecord(Array, Array)
#7 /opt/lampp/htdocs/CarbonOnClick/wp-content/plugins/zoho/vendor/zohocrm/php-sdk-archive/samplecodes/module.php(602): zcrmsdk\crm\crud\ZCRMModule->getRecord('{record_id}', Array, Array)
#8 /opt/lampp/htdocs/CarbonOnClick/wp-content/plugins/zoho/vendor/zohocrm/php-sdk-archive/samplecodes/module.php(1498): Module->getRecord()
#9 /opt/lampp/htdocs/CarbonOnClick/wp-content/plugins/zoho/zoho.php(74): require_once('/opt/lampp/htdo...')
#10 /opt/lampp/htdocs/CarbonOnClick/wp-settings.php(388): include_once('/opt/lampp/htdo...')
#11 /opt/lampp/htdocs/CarbonOnClick/wp-config.php(92): require_once('/opt/lampp/htdo...')
#12 /opt/lampp/htdocs/CarbonOnClick/wp-load.php(37): require_once('/opt/lampp/htdo...')
#13 /opt/lampp/htdocs/CarbonOnClick/wp-blog-header.php(13): require_once('/opt/lampp/htdo...')
#14 /opt/lampp/htdocs/CarbonOnClick/index.php(17): require('/opt/lampp/htdo...')
#15 {main}
2020-12-10 06:18:46 ERROR: zcrmsdk\crm\exception\ZCRMException Caused by:'Unknown zcrmsdk\crm\exception\ZCRMException' in /opt/lampp/htdocs/CarbonOnClick/wp-content/plugins/zoho/vendor/zohocrm/php-sdk-archive/src/crm/exception/ZCRMException.php(31)
Trace::#0 /opt/lampp/htdocs/CarbonOnClick/wp-content/plugins/zoho/vendor/zohocrm/php-sdk-archive/src/crm/api/response/APIResponse.php(93): zcrmsdk\crm\exception\ZCRMException->__construct(NULL, 400)
#1 /opt/lampp/htdocs/CarbonOnClick/wp-content/plugins/zoho/vendor/zohocrm/php-sdk-archive/src/crm/api/response/CommonAPIResponse.php(76): zcrmsdk\crm\api\response\APIResponse->handleForFaultyResponses()
#2 /opt/lampp/htdocs/CarbonOnClick/wp-content/plugins/zoho/vendor/zohocrm/php-sdk-archive/src/crm/api/response/CommonAPIResponse.php(67): zcrmsdk\crm\api\response\CommonAPIResponse->processResponse()
#3 /opt/lampp/htdocs/CarbonOnClick/wp-content/plugins/zoho/vendor/zohocrm/php-sdk-archive/src/crm/api/response/APIResponse.php(34): zcrmsdk\crm\api\response\CommonAPIResponse->__construct('HTTP/1.1 400 \r\n...', 400, NULL)
#4 /opt/lampp/htdocs/CarbonOnClick/wp-content/plugins/zoho/vendor/zohocrm/php-sdk-archive/src/crm/api/APIRequest.php(122): zcrmsdk\crm\api\response\APIResponse->__construct('HTTP/1.1 400 \r\n...', 400)
#5 /opt/lampp/htdocs/CarbonOnClick/wp-content/plugins/zoho/vendor/zohocrm/php-sdk-archive/src/crm/api/handler/EntityAPIHandler.php(45): zcrmsdk\crm\api\APIRequest->getAPIResponse()
#6 /opt/lampp/htdocs/CarbonOnClick/wp-content/plugins/zoho/vendor/zohocrm/php-sdk-archive/src/crm/crud/ZCRMModule.php(1070): zcrmsdk\crm\api\handler\EntityAPIHandler->getRecord(Array, Array)
#7 /opt/lampp/htdocs/CarbonOnClick/wp-content/plugins/zoho/vendor/zohocrm/php-sdk-archive/samplecodes/module.php(602): zcrmsdk\crm\crud\ZCRMModule->getRecord('{record_id}', Array, Array)
#8 /opt/lampp/htdocs/CarbonOnClick/wp-content/plugins/zoho/vendor/zohocrm/php-sdk-archive/samplecodes/module.php(1498): Module->getRecord()
#9 /opt/lampp/htdocs/CarbonOnClick/wp-content/plugins/zoho/zoho.php(74): require_once('/opt/lampp/htdo...')
#10 /opt/lampp/htdocs/CarbonOnClick/wp-settings.php(388): include_once('/opt/lampp/htdo...')
#11 /opt/lampp/htdocs/CarbonOnClick/wp-config.php(92): require_once('/opt/lampp/htdo...')
#12 /opt/lampp/htdocs/CarbonOnClick/wp-load.php(37): require_once('/opt/lampp/htdo...')
#13 /opt/lampp/htdocs/CarbonOnClick/wp-admin/admin-ajax.php(22): require_once('/opt/lampp/htdo...')
#14 {main}
2020-12-10 06:19:01 ERROR: zcrmsdk\crm\exception\ZCRMException Caused by:'Unknown zcrmsdk\crm\exception\ZCRMException' in /opt/lampp/htdocs/CarbonOnClick/wp-content/plugins/zoho/vendor/zohocrm/php-sdk-archive/src/crm/exception/ZCRMException.php(31)
Trace::#0 /opt/lampp/htdocs/CarbonOnClick/wp-content/plugins/zoho/vendor/zohocrm/php-sdk-archive/src/crm/api/response/APIResponse.php(93): zcrmsdk\crm\exception\ZCRMException->__construct(NULL, 400)
#1 /opt/lampp/htdocs/CarbonOnClick/wp-content/plugins/zoho/vendor/zohocrm/php-sdk-archive/src/crm/api/response/CommonAPIResponse.php(76): zcrmsdk\crm\api\response\APIResponse->handleForFaultyResponses()
#2 /opt/lampp/htdocs/CarbonOnClick/wp-content/plugins/zoho/vendor/zohocrm/php-sdk-archive/src/crm/api/response/CommonAPIResponse.php(67): zcrmsdk\crm\api\response\CommonAPIResponse->processResponse()
#3 /opt/lampp/htdocs/CarbonOnClick/wp-content/plugins/zoho/vendor/zohocrm/php-sdk-archive/src/crm/api/response/APIResponse.php(34): zcrmsdk\crm\api\response\CommonAPIResponse->__construct('HTTP/1.1 400 \r\n...', 400, NULL)
#4 /opt/lampp/htdocs/CarbonOnClick/wp-content/plugins/zoho/vendor/zohocrm/php-sdk-archive/src/crm/api/APIRequest.php(122): zcrmsdk\crm\api\response\APIResponse->__construct('HTTP/1.1 400 \r\n...', 400)
#5 /opt/lampp/htdocs/CarbonOnClick/wp-content/plugins/zoho/vendor/zohocrm/php-sdk-archive/src/crm/api/handler/EntityAPIHandler.php(45): zcrmsdk\crm\api\APIRequest->getAPIResponse()
#6 /opt/lampp/htdocs/CarbonOnClick/wp-content/plugins/zoho/vendor/zohocrm/php-sdk-archive/src/crm/crud/ZCRMModule.php(1070): zcrmsdk\crm\api\handler\EntityAPIHandler->getRecord(Array, Array)
#7 /opt/lampp/htdocs/CarbonOnClick/wp-content/plugins/zoho/vendor/zohocrm/php-sdk-archive/samplecodes/module.php(602): zcrmsdk\crm\crud\ZCRMModule->getRecord('{record_id}', Array, Array)
#8 /opt/lampp/htdocs/CarbonOnClick/wp-content/plugins/zoho/vendor/zohocrm/php-sdk-archive/samplecodes/module.php(1498): Module->getRecord()
#9 /opt/lampp/htdocs/CarbonOnClick/wp-content/plugins/zoho/zoho.php(74): require_once('/opt/lampp/htdo...')
#10 /opt/lampp/htdocs/CarbonOnClick/wp-settings.php(388): include_once('/opt/lampp/htdo...')
#11 /opt/lampp/htdocs/CarbonOnClick/wp-config.php(92): require_once('/opt/lampp/htdo...')
#12 /opt/lampp/htdocs/CarbonOnClick/wp-load.php(37): require_once('/opt/lampp/htdo...')
#13 /opt/lampp/htdocs/CarbonOnClick/wp-admin/admin-ajax.php(22): require_once('/opt/lampp/htdo...')
#14 {main}
2020-12-10 06:19:16 ERROR: zcrmsdk\crm\exception\ZCRMException Caused by:'Unknown zcrmsdk\crm\exception\ZCRMException' in /opt/lampp/htdocs/CarbonOnClick/wp-content/plugins/zoho/vendor/zohocrm/php-sdk-archive/src/crm/exception/ZCRMException.php(31)
Trace::#0 /opt/lampp/htdocs/CarbonOnClick/wp-content/plugins/zoho/vendor/zohocrm/php-sdk-archive/src/crm/api/response/APIResponse.php(93): zcrmsdk\crm\exception\ZCRMException->__construct(NULL, 400)
#1 /opt/lampp/htdocs/CarbonOnClick/wp-content/plugins/zoho/vendor/zohocrm/php-sdk-archive/src/crm/api/response/CommonAPIResponse.php(76): zcrmsdk\crm\api\response\APIResponse->handleForFaultyResponses()
#2 /opt/lampp/htdocs/CarbonOnClick/wp-content/plugins/zoho/vendor/zohocrm/php-sdk-archive/src/crm/api/response/CommonAPIResponse.php(67): zcrmsdk\crm\api\response\CommonAPIResponse->processResponse()
#3 /opt/lampp/htdocs/CarbonOnClick/wp-content/plugins/zoho/vendor/zohocrm/php-sdk-archive/src/crm/api/response/APIResponse.php(34): zcrmsdk\crm\api\response\CommonAPIResponse->__construct('HTTP/1.1 400 \r\n...', 400, NULL)
#4 /opt/lampp/htdocs/CarbonOnClick/wp-content/plugins/zoho/vendor/zohocrm/php-sdk-archive/src/crm/api/APIRequest.php(122): zcrmsdk\crm\api\response\APIResponse->__construct('HTTP/1.1 400 \r\n...', 400)
#5 /opt/lampp/htdocs/CarbonOnClick/wp-content/plugins/zoho/vendor/zohocrm/php-sdk-archive/src/crm/api/handler/EntityAPIHandler.php(45): zcrmsdk\crm\api\APIRequest->getAPIResponse()
#6 /opt/lampp/htdocs/CarbonOnClick/wp-content/plugins/zoho/vendor/zohocrm/php-sdk-archive/src/crm/crud/ZCRMModule.php(1070): zcrmsdk\crm\api\handler\EntityAPIHandler->getRecord(Array, Array)
#7 /opt/lampp/htdocs/CarbonOnClick/wp-content/plugins/zoho/vendor/zohocrm/php-sdk-archive/samplecodes/module.php(602): zcrmsdk\crm\crud\ZCRMModule->getRecord('{record_id}', Array, Array)
#8 /opt/lampp/htdocs/CarbonOnClick/wp-content/plugins/zoho/vendor/zohocrm/php-sdk-archive/samplecodes/module.php(1498): Module->getRecord()
#9 /opt/lampp/htdocs/CarbonOnClick/wp-content/plugins/zoho/zoho.php(74): require_once('/opt/lampp/htdo...')
#10 /opt/lampp/htdocs/CarbonOnClick/wp-settings.php(388): include_once('/opt/lampp/htdo...')
#11 /opt/lampp/htdocs/CarbonOnClick/wp-config.php(92): require_once('/opt/lampp/htdo...')
#12 /opt/lampp/htdocs/CarbonOnClick/wp-load.php(37): require_once('/opt/lampp/htdo...')
#13 /opt/lampp/htdocs/CarbonOnClick/wp-admin/admin-ajax.php(22): require_once('/opt/lampp/htdo...')
#14 {main}
2020-12-10 06:19:31 ERROR: zcrmsdk\crm\exception\ZCRMException Caused by:'Unknown zcrmsdk\crm\exception\ZCRMException' in /opt/lampp/htdocs/CarbonOnClick/wp-content/plugins/zoho/vendor/zohocrm/php-sdk-archive/src/crm/exception/ZCRMException.php(31)
Trace::#0 /opt/lampp/htdocs/CarbonOnClick/wp-content/plugins/zoho/vendor/zohocrm/php-sdk-archive/src/crm/api/response/APIResponse.php(93): zcrmsdk\crm\exception\ZCRMException->__construct(NULL, 400)
#1 /opt/lampp/htdocs/CarbonOnClick/wp-content/plugins/zoho/vendor/zohocrm/php-sdk-archive/src/crm/api/response/CommonAPIResponse.php(76): zcrmsdk\crm\api\response\APIResponse->handleForFaultyResponses()
#2 /opt/lampp/htdocs/CarbonOnClick/wp-content/plugins/zoho/vendor/zohocrm/php-sdk-archive/src/crm/api/response/CommonAPIResponse.php(67): zcrmsdk\crm\api\response\CommonAPIResponse->processResponse()
#3 /opt/lampp/htdocs/CarbonOnClick/wp-content/plugins/zoho/vendor/zohocrm/php-sdk-archive/src/crm/api/response/APIResponse.php(34): zcrmsdk\crm\api\response\CommonAPIResponse->__construct('HTTP/1.1 400 \r\n...', 400, NULL)
#4 /opt/lampp/htdocs/CarbonOnClick/wp-content/plugins/zoho/vendor/zohocrm/php-sdk-archive/src/crm/api/APIRequest.php(122): zcrmsdk\crm\api\response\APIResponse->__construct('HTTP/1.1 400 \r\n...', 400)
#5 /opt/lampp/htdocs/CarbonOnClick/wp-content/plugins/zoho/vendor/zohocrm/php-sdk-archive/src/crm/api/handler/EntityAPIHandler.php(45): zcrmsdk\crm\api\APIRequest->getAPIResponse()
#6 /opt/lampp/htdocs/CarbonOnClick/wp-content/plugins/zoho/vendor/zohocrm/php-sdk-archive/src/crm/crud/ZCRMModule.php(1070): zcrmsdk\crm\api\handler\EntityAPIHandler->getRecord(Array, Array)
#7 /opt/lampp/htdocs/CarbonOnClick/wp-content/plugins/zoho/vendor/zohocrm/php-sdk-archive/samplecodes/module.php(602): zcrmsdk\crm\crud\ZCRMModule->getRecord('{record_id}', Array, Array)
#8 /opt/lampp/htdocs/CarbonOnClick/wp-content/plugins/zoho/vendor/zohocrm/php-sdk-archive/samplecodes/module.php(1498): Module->getRecord()
#9 /opt/lampp/htdocs/CarbonOnClick/wp-content/plugins/zoho/zoho.php(74): require_once('/opt/lampp/htdo...')
#10 /opt/lampp/htdocs/CarbonOnClick/wp-settings.php(388): include_once('/opt/lampp/htdo...')
#11 /opt/lampp/htdocs/CarbonOnClick/wp-config.php(92): require_once('/opt/lampp/htdo...')
#12 /opt/lampp/htdocs/CarbonOnClick/wp-load.php(37): require_once('/opt/lampp/htdo...')
#13 /opt/lampp/htdocs/CarbonOnClick/wp-admin/admin-ajax.php(22): require_once('/opt/lampp/htdo...')
#14 {main}
2020-12-10 06:27:18 ERROR: zcrmsdk\crm\exception\ZCRMException Caused by:'Unknown zcrmsdk\crm\exception\ZCRMException' in /opt/lampp/htdocs/CarbonOnClick/wp-content/plugins/zoho/vendor/zohocrm/php-sdk-archive/src/crm/exception/ZCRMException.php(31)
Trace::#0 /opt/lampp/htdocs/CarbonOnClick/wp-content/plugins/zoho/vendor/zohocrm/php-sdk-archive/src/crm/api/response/APIResponse.php(93): zcrmsdk\crm\exception\ZCRMException->__construct(NULL, 400)
#1 /opt/lampp/htdocs/CarbonOnClick/wp-content/plugins/zoho/vendor/zohocrm/php-sdk-archive/src/crm/api/response/CommonAPIResponse.php(76): zcrmsdk\crm\api\response\APIResponse->handleForFaultyResponses()
#2 /opt/lampp/htdocs/CarbonOnClick/wp-content/plugins/zoho/vendor/zohocrm/php-sdk-archive/src/crm/api/response/CommonAPIResponse.php(67): zcrmsdk\crm\api\response\CommonAPIResponse->processResponse()
#3 /opt/lampp/htdocs/CarbonOnClick/wp-content/plugins/zoho/vendor/zohocrm/php-sdk-archive/src/crm/api/response/APIResponse.php(34): zcrmsdk\crm\api\response\CommonAPIResponse->__construct('HTTP/1.1 400 \r\n...', 400, NULL)
#4 /opt/lampp/htdocs/CarbonOnClick/wp-content/plugins/zoho/vendor/zohocrm/php-sdk-archive/src/crm/api/APIRequest.php(122): zcrmsdk\crm\api\response\APIResponse->__construct('HTTP/1.1 400 \r\n...', 400)
#5 /opt/lampp/htdocs/CarbonOnClick/wp-content/plugins/zoho/vendor/zohocrm/php-sdk-archive/src/crm/api/handler/EntityAPIHandler.php(45): zcrmsdk\crm\api\APIRequest->getAPIResponse()
#6 /opt/lampp/htdocs/CarbonOnClick/wp-content/plugins/zoho/vendor/zohocrm/php-sdk-archive/src/crm/crud/ZCRMModule.php(1070): zcrmsdk\crm\api\handler\EntityAPIHandler->getRecord(Array, Array)
#7 /opt/lampp/htdocs/CarbonOnClick/wp-content/plugins/zoho/vendor/zohocrm/php-sdk-archive/samplecodes/module.php(602): zcrmsdk\crm\crud\ZCRMModule->getRecord('{record_id}', Array, Array)
#8 /opt/lampp/htdocs/CarbonOnClick/wp-content/plugins/zoho/vendor/zohocrm/php-sdk-archive/samplecodes/module.php(1498): Module->getRecord()
#9 /opt/lampp/htdocs/CarbonOnClick/wp-content/plugins/zoho/zoho.php(74): require_once('/opt/lampp/htdo...')
#10 /opt/lampp/htdocs/CarbonOnClick/wp-settings.php(388): include_once('/opt/lampp/htdo...')
#11 /opt/lampp/htdocs/CarbonOnClick/wp-config.php(92): require_once('/opt/lampp/htdo...')
#12 /opt/lampp/htdocs/CarbonOnClick/wp-load.php(37): require_once('/opt/lampp/htdo...')
#13 /opt/lampp/htdocs/CarbonOnClick/wp-blog-header.php(13): require_once('/opt/lampp/htdo...')
#14 /opt/lampp/htdocs/CarbonOnClick/index.php(17): require('/opt/lampp/htdo...')
#15 {main}
2020-12-10 06:27:18 ERROR: zcrmsdk\crm\exception\ZCRMException Caused by:'Unknown zcrmsdk\crm\exception\ZCRMException' in /opt/lampp/htdocs/CarbonOnClick/wp-content/plugins/zoho/vendor/zohocrm/php-sdk-archive/src/crm/exception/ZCRMException.php(31)
Trace::#0 /opt/lampp/htdocs/CarbonOnClick/wp-content/plugins/zoho/vendor/zohocrm/php-sdk-archive/src/crm/api/response/APIResponse.php(93): zcrmsdk\crm\exception\ZCRMException->__construct(NULL, 400)
#1 /opt/lampp/htdocs/CarbonOnClick/wp-content/plugins/zoho/vendor/zohocrm/php-sdk-archive/src/crm/api/response/CommonAPIResponse.php(76): zcrmsdk\crm\api\response\APIResponse->handleForFaultyResponses()
#2 /opt/lampp/htdocs/CarbonOnClick/wp-content/plugins/zoho/vendor/zohocrm/php-sdk-archive/src/crm/api/response/CommonAPIResponse.php(67): zcrmsdk\crm\api\response\CommonAPIResponse->processResponse()
#3 /opt/lampp/htdocs/CarbonOnClick/wp-content/plugins/zoho/vendor/zohocrm/php-sdk-archive/src/crm/api/response/APIResponse.php(34): zcrmsdk\crm\api\response\CommonAPIResponse->__construct('HTTP/1.1 400 \r\n...', 400, NULL)
#4 /opt/lampp/htdocs/CarbonOnClick/wp-content/plugins/zoho/vendor/zohocrm/php-sdk-archive/src/crm/api/APIRequest.php(122): zcrmsdk\crm\api\response\APIResponse->__construct('HTTP/1.1 400 \r\n...', 400)
#5 /opt/lampp/htdocs/CarbonOnClick/wp-content/plugins/zoho/vendor/zohocrm/php-sdk-archive/src/crm/api/handler/EntityAPIHandler.php(45): zcrmsdk\crm\api\APIRequest->getAPIResponse()
#6 /opt/lampp/htdocs/CarbonOnClick/wp-content/plugins/zoho/vendor/zohocrm/php-sdk-archive/src/crm/crud/ZCRMModule.php(1070): zcrmsdk\crm\api\handler\EntityAPIHandler->getRecord(Array, Array)
#7 /opt/lampp/htdocs/CarbonOnClick/wp-content/plugins/zoho/vendor/zohocrm/php-sdk-archive/samplecodes/module.php(602): zcrmsdk\crm\crud\ZCRMModule->getRecord('{record_id}', Array, Array)
#8 /opt/lampp/htdocs/CarbonOnClick/wp-content/plugins/zoho/vendor/zohocrm/php-sdk-archive/samplecodes/module.php(1498): Module->getRecord()
#9 /opt/lampp/htdocs/CarbonOnClick/wp-content/plugins/zoho/zoho.php(74): require_once('/opt/lampp/htdo...')
#10 /opt/lampp/htdocs/CarbonOnClick/wp-settings.php(388): include_once('/opt/lampp/htdo...')
#11 /opt/lampp/htdocs/CarbonOnClick/wp-config.php(92): require_once('/opt/lampp/htdo...')
#12 /opt/lampp/htdocs/CarbonOnClick/wp-load.php(37): require_once('/opt/lampp/htdo...')
#13 /opt/lampp/htdocs/CarbonOnClick/wp-admin/admin-ajax.php(22): require_once('/opt/lampp/htdo...')
#14 {main}
2020-12-10 06:28:48 ERROR: zcrmsdk\crm\exception\ZCRMException Caused by:'Unknown zcrmsdk\crm\exception\ZCRMException' in /opt/lampp/htdocs/CarbonOnClick/wp-content/plugins/zoho/vendor/zohocrm/php-sdk-archive/src/crm/exception/ZCRMException.php(31)
Trace::#0 /opt/lampp/htdocs/CarbonOnClick/wp-content/plugins/zoho/vendor/zohocrm/php-sdk-archive/src/crm/api/response/APIResponse.php(93): zcrmsdk\crm\exception\ZCRMException->__construct(NULL, 400)
#1 /opt/lampp/htdocs/CarbonOnClick/wp-content/plugins/zoho/vendor/zohocrm/php-sdk-archive/src/crm/api/response/CommonAPIResponse.php(76): zcrmsdk\crm\api\response\APIResponse->handleForFaultyResponses()
#2 /opt/lampp/htdocs/CarbonOnClick/wp-content/plugins/zoho/vendor/zohocrm/php-sdk-archive/src/crm/api/response/CommonAPIResponse.php(67): zcrmsdk\crm\api\response\CommonAPIResponse->processResponse()
#3 /opt/lampp/htdocs/CarbonOnClick/wp-content/plugins/zoho/vendor/zohocrm/php-sdk-archive/src/crm/api/response/APIResponse.php(34): zcrmsdk\crm\api\response\CommonAPIResponse->__construct('HTTP/1.1 400 \r\n...', 400, NULL)
#4 /opt/lampp/htdocs/CarbonOnClick/wp-content/plugins/zoho/vendor/zohocrm/php-sdk-archive/src/crm/api/APIRequest.php(122): zcrmsdk\crm\api\response\APIResponse->__construct('HTTP/1.1 400 \r\n...', 400)
#5 /opt/lampp/htdocs/CarbonOnClick/wp-content/plugins/zoho/vendor/zohocrm/php-sdk-archive/src/crm/api/handler/EntityAPIHandler.php(45): zcrmsdk\crm\api\APIRequest->getAPIResponse()
#6 /opt/lampp/htdocs/CarbonOnClick/wp-content/plugins/zoho/vendor/zohocrm/php-sdk-archive/src/crm/crud/ZCRMModule.php(1070): zcrmsdk\crm\api\handler\EntityAPIHandler->getRecord(Array, Array)
#7 /opt/lampp/htdocs/CarbonOnClick/wp-content/plugins/zoho/vendor/zohocrm/php-sdk-archive/samplecodes/module.php(603): zcrmsdk\crm\crud\ZCRMModule->getRecord('{record_id}', Array, Array)
#8 /opt/lampp/htdocs/CarbonOnClick/wp-content/plugins/zoho/vendor/zohocrm/php-sdk-archive/samplecodes/module.php(1499): Module->getRecord()
#9 /opt/lampp/htdocs/CarbonOnClick/wp-content/plugins/zoho/zoho.php(74): require_once('/opt/lampp/htdo...')
#10 /opt/lampp/htdocs/CarbonOnClick/wp-settings.php(388): include_once('/opt/lampp/htdo...')
#11 /opt/lampp/htdocs/CarbonOnClick/wp-config.php(92): require_once('/opt/lampp/htdo...')
#12 /opt/lampp/htdocs/CarbonOnClick/wp-load.php(37): require_once('/opt/lampp/htdo...')
#13 /opt/lampp/htdocs/CarbonOnClick/wp-blog-header.php(13): require_once('/opt/lampp/htdo...')
#14 /opt/lampp/htdocs/CarbonOnClick/index.php(17): require('/opt/lampp/htdo...')
#15 {main}
2020-12-10 06:32:39 ERROR: zcrmsdk\crm\exception\ZCRMException Caused by:'Unknown zcrmsdk\crm\exception\ZCRMException' in /opt/lampp/htdocs/CarbonOnClick/wp-content/plugins/zoho/vendor/zohocrm/php-sdk-archive/src/crm/exception/ZCRMException.php(31)
Trace::#0 /opt/lampp/htdocs/CarbonOnClick/wp-content/plugins/zoho/vendor/zohocrm/php-sdk-archive/src/crm/api/response/APIResponse.php(93): zcrmsdk\crm\exception\ZCRMException->__construct(NULL, 400)
#1 /opt/lampp/htdocs/CarbonOnClick/wp-content/plugins/zoho/vendor/zohocrm/php-sdk-archive/src/crm/api/response/CommonAPIResponse.php(76): zcrmsdk\crm\api\response\APIResponse->handleForFaultyResponses()
#2 /opt/lampp/htdocs/CarbonOnClick/wp-content/plugins/zoho/vendor/zohocrm/php-sdk-archive/src/crm/api/response/CommonAPIResponse.php(67): zcrmsdk\crm\api\response\CommonAPIResponse->processResponse()
#3 /opt/lampp/htdocs/CarbonOnClick/wp-content/plugins/zoho/vendor/zohocrm/php-sdk-archive/src/crm/api/response/APIResponse.php(34): zcrmsdk\crm\api\response\CommonAPIResponse->__construct('HTTP/1.1 400 \r\n...', 400, NULL)
#4 /opt/lampp/htdocs/CarbonOnClick/wp-content/plugins/zoho/vendor/zohocrm/php-sdk-archive/src/crm/api/APIRequest.php(122): zcrmsdk\crm\api\response\APIResponse->__construct('HTTP/1.1 400 \r\n...', 400)
#5 /opt/lampp/htdocs/CarbonOnClick/wp-content/plugins/zoho/vendor/zohocrm/php-sdk-archive/src/crm/api/handler/EntityAPIHandler.php(45): zcrmsdk\crm\api\APIRequest->getAPIResponse()
#6 /opt/lampp/htdocs/CarbonOnClick/wp-content/plugins/zoho/vendor/zohocrm/php-sdk-archive/src/crm/crud/ZCRMModule.php(1070): zcrmsdk\crm\api\handler\EntityAPIHandler->getRecord(Array, Array)
#7 /opt/lampp/htdocs/CarbonOnClick/wp-content/plugins/zoho/vendor/zohocrm/php-sdk-archive/samplecodes/module.php(603): zcrmsdk\crm\crud\ZCRMModule->getRecord('{record_id}', Array, Array)
#8 /opt/lampp/htdocs/CarbonOnClick/wp-content/plugins/zoho/vendor/zohocrm/php-sdk-archive/samplecodes/module.php(1499): Module->getRecord()
#9 /opt/lampp/htdocs/CarbonOnClick/wp-content/plugins/zoho/zoho.php(74): require_once('/opt/lampp/htdo...')
#10 /opt/lampp/htdocs/CarbonOnClick/wp-settings.php(388): include_once('/opt/lampp/htdo...')
#11 /opt/lampp/htdocs/CarbonOnClick/wp-config.php(92): require_once('/opt/lampp/htdo...')
#12 /opt/lampp/htdocs/CarbonOnClick/wp-load.php(37): require_once('/opt/lampp/htdo...')
#13 /opt/lampp/htdocs/CarbonOnClick/wp-admin/admin-ajax.php(22): require_once('/opt/lampp/htdo...')
#14 {main}
2020-12-10 06:32:40 ERROR: zcrmsdk\crm\exception\ZCRMException Caused by:'Unknown zcrmsdk\crm\exception\ZCRMException' in /opt/lampp/htdocs/CarbonOnClick/wp-content/plugins/zoho/vendor/zohocrm/php-sdk-archive/src/crm/exception/ZCRMException.php(31)
Trace::#0 /opt/lampp/htdocs/CarbonOnClick/wp-content/plugins/zoho/vendor/zohocrm/php-sdk-archive/src/crm/api/response/APIResponse.php(93): zcrmsdk\crm\exception\ZCRMException->__construct(NULL, 400)
#1 /opt/lampp/htdocs/CarbonOnClick/wp-content/plugins/zoho/vendor/zohocrm/php-sdk-archive/src/crm/api/response/CommonAPIResponse.php(76): zcrmsdk\crm\api\response\APIResponse->handleForFaultyResponses()
#2 /opt/lampp/htdocs/CarbonOnClick/wp-content/plugins/zoho/vendor/zohocrm/php-sdk-archive/src/crm/api/response/CommonAPIResponse.php(67): zcrmsdk\crm\api\response\CommonAPIResponse->processResponse()
#3 /opt/lampp/htdocs/CarbonOnClick/wp-content/plugins/zoho/vendor/zohocrm/php-sdk-archive/src/crm/api/response/APIResponse.php(34): zcrmsdk\crm\api\response\CommonAPIResponse->__construct('HTTP/1.1 400 \r\n...', 400, NULL)
#4 /opt/lampp/htdocs/CarbonOnClick/wp-content/plugins/zoho/vendor/zohocrm/php-sdk-archive/src/crm/api/APIRequest.php(122): zcrmsdk\crm\api\response\APIResponse->__construct('HTTP/1.1 400 \r\n...', 400)
#5 /opt/lampp/htdocs/CarbonOnClick/wp-content/plugins/zoho/vendor/zohocrm/php-sdk-archive/src/crm/api/handler/EntityAPIHandler.php(45): zcrmsdk\crm\api\APIRequest->getAPIResponse()
#6 /opt/lampp/htdocs/CarbonOnClick/wp-content/plugins/zoho/vendor/zohocrm/php-sdk-archive/src/crm/crud/ZCRMModule.php(1070): zcrmsdk\crm\api\handler\EntityAPIHandler->getRecord(Array, Array)
#7 /opt/lampp/htdocs/CarbonOnClick/wp-content/plugins/zoho/vendor/zohocrm/php-sdk-archive/samplecodes/module.php(603): zcrmsdk\crm\crud\ZCRMModule->getRecord('{record_id}', Array, Array)
#8 /opt/lampp/htdocs/CarbonOnClick/wp-content/plugins/zoho/vendor/zohocrm/php-sdk-archive/samplecodes/module.php(1499): Module->getRecord()
#9 /opt/lampp/htdocs/CarbonOnClick/wp-content/plugins/zoho/zoho.php(74): require_once('/opt/lampp/htdo...')
#10 /opt/lampp/htdocs/CarbonOnClick/wp-settings.php(388): include_once('/opt/lampp/htdo...')
#11 /opt/lampp/htdocs/CarbonOnClick/wp-config.php(92): require_once('/opt/lampp/htdo...')
#12 /opt/lampp/htdocs/CarbonOnClick/wp-load.php(37): require_once('/opt/lampp/htdo...')
#13 /opt/lampp/htdocs/CarbonOnClick/wp-admin/admin-ajax.php(22): require_once('/opt/lampp/htdo...')
#14 {main}
2020-12-10 06:32:40 ERROR: zcrmsdk\crm\exception\ZCRMException Caused by:'Unknown zcrmsdk\crm\exception\ZCRMException' in /opt/lampp/htdocs/CarbonOnClick/wp-content/plugins/zoho/vendor/zohocrm/php-sdk-archive/src/crm/exception/ZCRMException.php(31)
Trace::#0 /opt/lampp/htdocs/CarbonOnClick/wp-content/plugins/zoho/vendor/zohocrm/php-sdk-archive/src/crm/api/response/APIResponse.php(93): zcrmsdk\crm\exception\ZCRMException->__construct(NULL, 400)
#1 /opt/lampp/htdocs/CarbonOnClick/wp-content/plugins/zoho/vendor/zohocrm/php-sdk-archive/src/crm/api/response/CommonAPIResponse.php(76): zcrmsdk\crm\api\response\APIResponse->handleForFaultyResponses()
#2 /opt/lampp/htdocs/CarbonOnClick/wp-content/plugins/zoho/vendor/zohocrm/php-sdk-archive/src/crm/api/response/CommonAPIResponse.php(67): zcrmsdk\crm\api\response\CommonAPIResponse->processResponse()
#3 /opt/lampp/htdocs/CarbonOnClick/wp-content/plugins/zoho/vendor/zohocrm/php-sdk-archive/src/crm/api/response/APIResponse.php(34): zcrmsdk\crm\api\response\CommonAPIResponse->__construct('HTTP/1.1 400 \r\n...', 400, NULL)
#4 /opt/lampp/htdocs/CarbonOnClick/wp-content/plugins/zoho/vendor/zohocrm/php-sdk-archive/src/crm/api/APIRequest.php(122): zcrmsdk\crm\api\response\APIResponse->__construct('HTTP/1.1 400 \r\n...', 400)
#5 /opt/lampp/htdocs/CarbonOnClick/wp-content/plugins/zoho/vendor/zohocrm/php-sdk-archive/src/crm/api/handler/EntityAPIHandler.php(45): zcrmsdk\crm\api\APIRequest->getAPIResponse()
#6 /opt/lampp/htdocs/CarbonOnClick/wp-content/plugins/zoho/vendor/zohocrm/php-sdk-archive/src/crm/crud/ZCRMModule.php(1070): zcrmsdk\crm\api\handler\EntityAPIHandler->getRecord(Array, Array)
#7 /opt/lampp/htdocs/CarbonOnClick/wp-content/plugins/zoho/vendor/zohocrm/php-sdk-archive/samplecodes/module.php(603): zcrmsdk\crm\crud\ZCRMModule->getRecord('{record_id}', Array, Array)
#8 /opt/lampp/htdocs/CarbonOnClick/wp-content/plugins/zoho/vendor/zohocrm/php-sdk-archive/samplecodes/module.php(1499): Module->getRecord()
#9 /opt/lampp/htdocs/CarbonOnClick/wp-content/plugins/zoho/zoho.php(74): require_once('/opt/lampp/htdo...')
#10 /opt/lampp/htdocs/CarbonOnClick/wp-settings.php(388): include_once('/opt/lampp/htdo...')
#11 /opt/lampp/htdocs/CarbonOnClick/wp-config.php(92): require_once('/opt/lampp/htdo...')
#12 /opt/lampp/htdocs/CarbonOnClick/wp-load.php(37): require_once('/opt/lampp/htdo...')
#13 /opt/lampp/htdocs/CarbonOnClick/wp-admin/admin.php(34): require_once('/opt/lampp/htdo...')
#14 {main}
2020-12-10 06:32:47 ERROR: zcrmsdk\crm\exception\ZCRMException Caused by:'Unknown zcrmsdk\crm\exception\ZCRMException' in /opt/lampp/htdocs/CarbonOnClick/wp-content/plugins/zoho/vendor/zohocrm/php-sdk-archive/src/crm/exception/ZCRMException.php(31)
Trace::#0 /opt/lampp/htdocs/CarbonOnClick/wp-content/plugins/zoho/vendor/zohocrm/php-sdk-archive/src/crm/api/response/APIResponse.php(93): zcrmsdk\crm\exception\ZCRMException->__construct(NULL, 400)
#1 /opt/lampp/htdocs/CarbonOnClick/wp-content/plugins/zoho/vendor/zohocrm/php-sdk-archive/src/crm/api/response/CommonAPIResponse.php(76): zcrmsdk\crm\api\response\APIResponse->handleForFaultyResponses()
#2 /opt/lampp/htdocs/CarbonOnClick/wp-content/plugins/zoho/vendor/zohocrm/php-sdk-archive/src/crm/api/response/CommonAPIResponse.php(67): zcrmsdk\crm\api\response\CommonAPIResponse->processResponse()
#3 /opt/lampp/htdocs/CarbonOnClick/wp-content/plugins/zoho/vendor/zohocrm/php-sdk-archive/src/crm/api/response/APIResponse.php(34): zcrmsdk\crm\api\response\CommonAPIResponse->__construct('HTTP/1.1 400 \r\n...', 400, NULL)
#4 /opt/lampp/htdocs/CarbonOnClick/wp-content/plugins/zoho/vendor/zohocrm/php-sdk-archive/src/crm/api/APIRequest.php(122): zcrmsdk\crm\api\response\APIResponse->__construct('HTTP/1.1 400 \r\n...', 400)
#5 /opt/lampp/htdocs/CarbonOnClick/wp-content/plugins/zoho/vendor/zohocrm/php-sdk-archive/src/crm/api/handler/EntityAPIHandler.php(45): zcrmsdk\crm\api\APIRequest->getAPIResponse()
#6 /opt/lampp/htdocs/CarbonOnClick/wp-content/plugins/zoho/vendor/zohocrm/php-sdk-archive/src/crm/crud/ZCRMModule.php(1070): zcrmsdk\crm\api\handler\EntityAPIHandler->getRecord(Array, Array)
#7 /opt/lampp/htdocs/CarbonOnClick/wp-content/plugins/zoho/vendor/zohocrm/php-sdk-archive/samplecodes/module.php(603): zcrmsdk\crm\crud\ZCRMModule->getRecord('{record_id}', Array, Array)
#8 /opt/lampp/htdocs/CarbonOnClick/wp-content/plugins/zoho/vendor/zohocrm/php-sdk-archive/samplecodes/module.php(1499): Module->getRecord()
#9 /opt/lampp/htdocs/CarbonOnClick/wp-content/plugins/zoho/zoho.php(74): require_once('/opt/lampp/htdo...')
#10 /opt/lampp/htdocs/CarbonOnClick/wp-settings.php(388): include_once('/opt/lampp/htdo...')
#11 /opt/lampp/htdocs/CarbonOnClick/wp-config.php(92): require_once('/opt/lampp/htdo...')
#12 /opt/lampp/htdocs/CarbonOnClick/wp-load.php(37): require_once('/opt/lampp/htdo...')
#13 /opt/lampp/htdocs/CarbonOnClick/wp-admin/admin-ajax.php(22): require_once('/opt/lampp/htdo...')
#14 {main}
2020-12-10 06:32:53 ERROR: zcrmsdk\crm\exception\ZCRMException Caused by:'Unknown zcrmsdk\crm\exception\ZCRMException' in /opt/lampp/htdocs/CarbonOnClick/wp-content/plugins/zoho/vendor/zohocrm/php-sdk-archive/src/crm/exception/ZCRMException.php(31)
Trace::#0 /opt/lampp/htdocs/CarbonOnClick/wp-content/plugins/zoho/vendor/zohocrm/php-sdk-archive/src/crm/api/response/APIResponse.php(93): zcrmsdk\crm\exception\ZCRMException->__construct(NULL, 400)
#1 /opt/lampp/htdocs/CarbonOnClick/wp-content/plugins/zoho/vendor/zohocrm/php-sdk-archive/src/crm/api/response/CommonAPIResponse.php(76): zcrmsdk\crm\api\response\APIResponse->handleForFaultyResponses()
#2 /opt/lampp/htdocs/CarbonOnClick/wp-content/plugins/zoho/vendor/zohocrm/php-sdk-archive/src/crm/api/response/CommonAPIResponse.php(67): zcrmsdk\crm\api\response\CommonAPIResponse->processResponse()
#3 /opt/lampp/htdocs/CarbonOnClick/wp-content/plugins/zoho/vendor/zohocrm/php-sdk-archive/src/crm/api/response/APIResponse.php(34): zcrmsdk\crm\api\response\CommonAPIResponse->__construct('HTTP/1.1 400 \r\n...', 400, NULL)
#4 /opt/lampp/htdocs/CarbonOnClick/wp-content/plugins/zoho/vendor/zohocrm/php-sdk-archive/src/crm/api/APIRequest.php(122): zcrmsdk\crm\api\response\APIResponse->__construct('HTTP/1.1 400 \r\n...', 400)
#5 /opt/lampp/htdocs/CarbonOnClick/wp-content/plugins/zoho/vendor/zohocrm/php-sdk-archive/src/crm/api/handler/EntityAPIHandler.php(45): zcrmsdk\crm\api\APIRequest->getAPIResponse()
#6 /opt/lampp/htdocs/CarbonOnClick/wp-content/plugins/zoho/vendor/zohocrm/php-sdk-archive/src/crm/crud/ZCRMModule.php(1070): zcrmsdk\crm\api\handler\EntityAPIHandler->getRecord(Array, Array)
#7 /opt/lampp/htdocs/CarbonOnClick/wp-content/plugins/zoho/vendor/zohocrm/php-sdk-archive/samplecodes/module.php(603): zcrmsdk\crm\crud\ZCRMModule->getRecord('{record_id}', Array, Array)
#8 /opt/lampp/htdocs/CarbonOnClick/wp-content/plugins/zoho/vendor/zohocrm/php-sdk-archive/samplecodes/module.php(1499): Module->getRecord()
#9 /opt/lampp/htdocs/CarbonOnClick/wp-content/plugins/zoho/zoho.php(74): require_once('/opt/lampp/htdo...')
#10 /opt/lampp/htdocs/CarbonOnClick/wp-settings.php(388): include_once('/opt/lampp/htdo...')
#11 /opt/lampp/htdocs/CarbonOnClick/wp-config.php(92): require_once('/opt/lampp/htdo...')
#12 /opt/lampp/htdocs/CarbonOnClick/wp-load.php(37): require_once('/opt/lampp/htdo...')
#13 /opt/lampp/htdocs/CarbonOnClick/wp-blog-header.php(13): require_once('/opt/lampp/htdo...')
#14 /opt/lampp/htdocs/CarbonOnClick/index.php(17): require('/opt/lampp/htdo...')
#15 {main}
2020-12-10 06:37:02 ERROR: zcrmsdk\crm\exception\ZCRMException Caused by:'Unknown zcrmsdk\crm\exception\ZCRMException' in /opt/lampp/htdocs/CarbonOnClick/wp-content/plugins/zoho/vendor/zohocrm/php-sdk-archive/src/crm/exception/ZCRMException.php(31)
Trace::#0 /opt/lampp/htdocs/CarbonOnClick/wp-content/plugins/zoho/vendor/zohocrm/php-sdk-archive/src/crm/api/response/APIResponse.php(93): zcrmsdk\crm\exception\ZCRMException->__construct(NULL, 400)
#1 /opt/lampp/htdocs/CarbonOnClick/wp-content/plugins/zoho/vendor/zohocrm/php-sdk-archive/src/crm/api/response/CommonAPIResponse.php(76): zcrmsdk\crm\api\response\APIResponse->handleForFaultyResponses()
#2 /opt/lampp/htdocs/CarbonOnClick/wp-content/plugins/zoho/vendor/zohocrm/php-sdk-archive/src/crm/api/response/CommonAPIResponse.php(67): zcrmsdk\crm\api\response\CommonAPIResponse->processResponse()
#3 /opt/lampp/htdocs/CarbonOnClick/wp-content/plugins/zoho/vendor/zohocrm/php-sdk-archive/src/crm/api/response/APIResponse.php(34): zcrmsdk\crm\api\response\CommonAPIResponse->__construct('HTTP/1.1 400 \r\n...', 400, NULL)
#4 /opt/lampp/htdocs/CarbonOnClick/wp-content/plugins/zoho/vendor/zohocrm/php-sdk-archive/src/crm/api/APIRequest.php(122): zcrmsdk\crm\api\response\APIResponse->__construct('HTTP/1.1 400 \r\n...', 400)
#5 /opt/lampp/htdocs/CarbonOnClick/wp-content/plugins/zoho/vendor/zohocrm/php-sdk-archive/src/crm/api/handler/EntityAPIHandler.php(45): zcrmsdk\crm\api\APIRequest->getAPIResponse()
#6 /opt/lampp/htdocs/CarbonOnClick/wp-content/plugins/zoho/vendor/zohocrm/php-sdk-archive/src/crm/crud/ZCRMModule.php(1070): zcrmsdk\crm\api\handler\EntityAPIHandler->getRecord(Array, Array)
#7 /opt/lampp/htdocs/CarbonOnClick/wp-content/plugins/zoho/vendor/zohocrm/php-sdk-archive/samplecodes/module.php(605): zcrmsdk\crm\crud\ZCRMModule->getRecord('{record_id}', Array, Array)
#8 /opt/lampp/htdocs/CarbonOnClick/wp-content/plugins/zoho/vendor/zohocrm/php-sdk-archive/samplecodes/module.php(1501): Module->getRecord()
#9 /opt/lampp/htdocs/CarbonOnClick/wp-content/plugins/zoho/zoho.php(74): require_once('/opt/lampp/htdo...')
#10 /opt/lampp/htdocs/CarbonOnClick/wp-settings.php(388): include_once('/opt/lampp/htdo...')
#11 /opt/lampp/htdocs/CarbonOnClick/wp-config.php(92): require_once('/opt/lampp/htdo...')
#12 /opt/lampp/htdocs/CarbonOnClick/wp-load.php(37): require_once('/opt/lampp/htdo...')
#13 /opt/lampp/htdocs/CarbonOnClick/wp-blog-header.php(13): require_once('/opt/lampp/htdo...')
#14 /opt/lampp/htdocs/CarbonOnClick/index.php(17): require('/opt/lampp/htdo...')
#15 {main}
2020-12-10 06:37:09 ERROR: zcrmsdk\crm\exception\ZCRMException Caused by:'Unknown zcrmsdk\crm\exception\ZCRMException' in /opt/lampp/htdocs/CarbonOnClick/wp-content/plugins/zoho/vendor/zohocrm/php-sdk-archive/src/crm/exception/ZCRMException.php(31)
Trace::#0 /opt/lampp/htdocs/CarbonOnClick/wp-content/plugins/zoho/vendor/zohocrm/php-sdk-archive/src/crm/api/response/APIResponse.php(93): zcrmsdk\crm\exception\ZCRMException->__construct(NULL, 400)
#1 /opt/lampp/htdocs/CarbonOnClick/wp-content/plugins/zoho/vendor/zohocrm/php-sdk-archive/src/crm/api/response/CommonAPIResponse.php(76): zcrmsdk\crm\api\response\APIResponse->handleForFaultyResponses()
#2 /opt/lampp/htdocs/CarbonOnClick/wp-content/plugins/zoho/vendor/zohocrm/php-sdk-archive/src/crm/api/response/CommonAPIResponse.php(67): zcrmsdk\crm\api\response\CommonAPIResponse->processResponse()
#3 /opt/lampp/htdocs/CarbonOnClick/wp-content/plugins/zoho/vendor/zohocrm/php-sdk-archive/src/crm/api/response/APIResponse.php(34): zcrmsdk\crm\api\response\CommonAPIResponse->__construct('HTTP/1.1 400 \r\n...', 400, NULL)
#4 /opt/lampp/htdocs/CarbonOnClick/wp-content/plugins/zoho/vendor/zohocrm/php-sdk-archive/src/crm/api/APIRequest.php(122): zcrmsdk\crm\api\response\APIResponse->__construct('HTTP/1.1 400 \r\n...', 400)
#5 /opt/lampp/htdocs/CarbonOnClick/wp-content/plugins/zoho/vendor/zohocrm/php-sdk-archive/src/crm/api/handler/EntityAPIHandler.php(45): zcrmsdk\crm\api\APIRequest->getAPIResponse()
#6 /opt/lampp/htdocs/CarbonOnClick/wp-content/plugins/zoho/vendor/zohocrm/php-sdk-archive/src/crm/crud/ZCRMModule.php(1070): zcrmsdk\crm\api\handler\EntityAPIHandler->getRecord(Array, Array)
#7 /opt/lampp/htdocs/CarbonOnClick/wp-content/plugins/zoho/vendor/zohocrm/php-sdk-archive/samplecodes/module.php(605): zcrmsdk\crm\crud\ZCRMModule->getRecord('{record_id}', Array, Array)
#8 /opt/lampp/htdocs/CarbonOnClick/wp-content/plugins/zoho/vendor/zohocrm/php-sdk-archive/samplecodes/module.php(1501): Module->getRecord()
#9 /opt/lampp/htdocs/CarbonOnClick/wp-content/plugins/zoho/zoho.php(74): require_once('/opt/lampp/htdo...')
#10 /opt/lampp/htdocs/CarbonOnClick/wp-settings.php(388): include_once('/opt/lampp/htdo...')
#11 /opt/lampp/htdocs/CarbonOnClick/wp-config.php(92): require_once('/opt/lampp/htdo...')
#12 /opt/lampp/htdocs/CarbonOnClick/wp-load.php(37): require_once('/opt/lampp/htdo...')
#13 /opt/lampp/htdocs/CarbonOnClick/wp-blog-header.php(13): require_once('/opt/lampp/htdo...')
#14 /opt/lampp/htdocs/CarbonOnClick/index.php(17): require('/opt/lampp/htdo...')
#15 {main}
2020-12-10 06:37:23 ERROR: zcrmsdk\crm\exception\ZCRMException Caused by:'Unknown zcrmsdk\crm\exception\ZCRMException' in /opt/lampp/htdocs/CarbonOnClick/wp-content/plugins/zoho/vendor/zohocrm/php-sdk-archive/src/crm/exception/ZCRMException.php(31)
Trace::#0 /opt/lampp/htdocs/CarbonOnClick/wp-content/plugins/zoho/vendor/zohocrm/php-sdk-archive/src/crm/api/response/APIResponse.php(93): zcrmsdk\crm\exception\ZCRMException->__construct(NULL, 400)
#1 /opt/lampp/htdocs/CarbonOnClick/wp-content/plugins/zoho/vendor/zohocrm/php-sdk-archive/src/crm/api/response/CommonAPIResponse.php(76): zcrmsdk\crm\api\response\APIResponse->handleForFaultyResponses()
#2 /opt/lampp/htdocs/CarbonOnClick/wp-content/plugins/zoho/vendor/zohocrm/php-sdk-archive/src/crm/api/response/CommonAPIResponse.php(67): zcrmsdk\crm\api\response\CommonAPIResponse->processResponse()
#3 /opt/lampp/htdocs/CarbonOnClick/wp-content/plugins/zoho/vendor/zohocrm/php-sdk-archive/src/crm/api/response/APIResponse.php(34): zcrmsdk\crm\api\response\CommonAPIResponse->__construct('HTTP/1.1 400 \r\n...', 400, NULL)
#4 /opt/lampp/htdocs/CarbonOnClick/wp-content/plugins/zoho/vendor/zohocrm/php-sdk-archive/src/crm/api/APIRequest.php(122): zcrmsdk\crm\api\response\APIResponse->__construct('HTTP/1.1 400 \r\n...', 400)
#5 /opt/lampp/htdocs/CarbonOnClick/wp-content/plugins/zoho/vendor/zohocrm/php-sdk-archive/src/crm/api/handler/EntityAPIHandler.php(45): zcrmsdk\crm\api\APIRequest->getAPIResponse()
#6 /opt/lampp/htdocs/CarbonOnClick/wp-content/plugins/zoho/vendor/zohocrm/php-sdk-archive/src/crm/crud/ZCRMModule.php(1070): zcrmsdk\crm\api\handler\EntityAPIHandler->getRecord(Array, Array)
#7 /opt/lampp/htdocs/CarbonOnClick/wp-content/plugins/zoho/vendor/zohocrm/php-sdk-archive/samplecodes/module.php(605): zcrmsdk\crm\crud\ZCRMModule->getRecord('{record_id}', Array, Array)
#8 /opt/lampp/htdocs/CarbonOnClick/wp-content/plugins/zoho/vendor/zohocrm/php-sdk-archive/samplecodes/module.php(1501): Module->getRecord()
#9 /opt/lampp/htdocs/CarbonOnClick/wp-content/plugins/zoho/zoho.php(74): require_once('/opt/lampp/htdo...')
#10 /opt/lampp/htdocs/CarbonOnClick/wp-settings.php(388): include_once('/opt/lampp/htdo...')
#11 /opt/lampp/htdocs/CarbonOnClick/wp-config.php(92): require_once('/opt/lampp/htdo...')
#12 /opt/lampp/htdocs/CarbonOnClick/wp-load.php(37): require_once('/opt/lampp/htdo...')
#13 /opt/lampp/htdocs/CarbonOnClick/wp-admin/admin-ajax.php(22): require_once('/opt/lampp/htdo...')
#14 {main}
2020-12-10 06:37:25 ERROR: zcrmsdk\crm\exception\ZCRMException Caused by:'Unknown zcrmsdk\crm\exception\ZCRMException' in /opt/lampp/htdocs/CarbonOnClick/wp-content/plugins/zoho/vendor/zohocrm/php-sdk-archive/src/crm/exception/ZCRMException.php(31)
Trace::#0 /opt/lampp/htdocs/CarbonOnClick/wp-content/plugins/zoho/vendor/zohocrm/php-sdk-archive/src/crm/api/response/APIResponse.php(93): zcrmsdk\crm\exception\ZCRMException->__construct(NULL, 400)
#1 /opt/lampp/htdocs/CarbonOnClick/wp-content/plugins/zoho/vendor/zohocrm/php-sdk-archive/src/crm/api/response/CommonAPIResponse.php(76): zcrmsdk\crm\api\response\APIResponse->handleForFaultyResponses()
#2 /opt/lampp/htdocs/CarbonOnClick/wp-content/plugins/zoho/vendor/zohocrm/php-sdk-archive/src/crm/api/response/CommonAPIResponse.php(67): zcrmsdk\crm\api\response\CommonAPIResponse->processResponse()
#3 /opt/lampp/htdocs/CarbonOnClick/wp-content/plugins/zoho/vendor/zohocrm/php-sdk-archive/src/crm/api/response/APIResponse.php(34): zcrmsdk\crm\api\response\CommonAPIResponse->__construct('HTTP/1.1 400 \r\n...', 400, NULL)
#4 /opt/lampp/htdocs/CarbonOnClick/wp-content/plugins/zoho/vendor/zohocrm/php-sdk-archive/src/crm/api/APIRequest.php(122): zcrmsdk\crm\api\response\APIResponse->__construct('HTTP/1.1 400 \r\n...', 400)
#5 /opt/lampp/htdocs/CarbonOnClick/wp-content/plugins/zoho/vendor/zohocrm/php-sdk-archive/src/crm/api/handler/EntityAPIHandler.php(45): zcrmsdk\crm\api\APIRequest->getAPIResponse()
#6 /opt/lampp/htdocs/CarbonOnClick/wp-content/plugins/zoho/vendor/zohocrm/php-sdk-archive/src/crm/crud/ZCRMModule.php(1070): zcrmsdk\crm\api\handler\EntityAPIHandler->getRecord(Array, Array)
#7 /opt/lampp/htdocs/CarbonOnClick/wp-content/plugins/zoho/vendor/zohocrm/php-sdk-archive/samplecodes/module.php(605): zcrmsdk\crm\crud\ZCRMModule->getRecord('{record_id}', Array, Array)
#8 /opt/lampp/htdocs/CarbonOnClick/wp-content/plugins/zoho/vendor/zohocrm/php-sdk-archive/samplecodes/module.php(1501): Module->getRecord()
#9 /opt/lampp/htdocs/CarbonOnClick/wp-content/plugins/zoho/zoho.php(74): require_once('/opt/lampp/htdo...')
#10 /opt/lampp/htdocs/CarbonOnClick/wp-settings.php(388): include_once('/opt/lampp/htdo...')
#11 /opt/lampp/htdocs/CarbonOnClick/wp-config.php(92): require_once('/opt/lampp/htdo...')
#12 /opt/lampp/htdocs/CarbonOnClick/wp-load.php(37): require_once('/opt/lampp/htdo...')
#13 /opt/lampp/htdocs/CarbonOnClick/wp-admin/admin-ajax.php(22): require_once('/opt/lampp/htdo...')
#14 {main}
2020-12-10 11:59:42 INFO: Access Token has expired. Hence refreshing.
2020-12-10 12:05:57 ERROR: zcrmsdk\crm\exception\ZCRMException Caused by:'invalid oauth scope to access this URL' in /opt/lampp/htdocs/CarbonOnClick/wp-content/plugins/zoho/vendor/zohocrm/php-sdk-archive/src/crm/api/response/BulkAPIResponse.php(72)
Trace::#0 /opt/lampp/htdocs/CarbonOnClick/wp-content/plugins/zoho/vendor/zohocrm/php-sdk-archive/src/crm/api/response/CommonAPIResponse.php(76): zcrmsdk\crm\api\response\BulkAPIResponse->handleForFaultyResponses()
#1 /opt/lampp/htdocs/CarbonOnClick/wp-content/plugins/zoho/vendor/zohocrm/php-sdk-archive/src/crm/api/response/CommonAPIResponse.php(67): zcrmsdk\crm\api\response\CommonAPIResponse->processResponse()
#2 /opt/lampp/htdocs/CarbonOnClick/wp-content/plugins/zoho/vendor/zohocrm/php-sdk-archive/src/crm/api/response/BulkAPIResponse.php(47): zcrmsdk\crm\api\response\CommonAPIResponse->__construct('HTTP/1.1 401 \r\n...', 401)
#3 /opt/lampp/htdocs/CarbonOnClick/wp-content/plugins/zoho/vendor/zohocrm/php-sdk-archive/src/crm/api/APIRequest.php(148): zcrmsdk\crm\api\response\BulkAPIResponse->__construct('HTTP/1.1 401 \r\n...', 401)
#4 /opt/lampp/htdocs/CarbonOnClick/wp-content/plugins/zoho/vendor/zohocrm/php-sdk-archive/src/crm/api/handler/ModuleAPIHandler.php(77): zcrmsdk\crm\api\APIRequest->getBulkAPIResponse()
#5 /opt/lampp/htdocs/CarbonOnClick/wp-content/plugins/zoho/vendor/zohocrm/php-sdk-archive/src/crm/crud/ZCRMModule.php(954): zcrmsdk\crm\api\handler\ModuleAPIHandler->getAllFields()
#6 /opt/lampp/htdocs/CarbonOnClick/wp-content/plugins/zoho/zoho.php(111): zcrmsdk\crm\crud\ZCRMModule->getAllFields()
#7 /opt/lampp/htdocs/CarbonOnClick/wp-settings.php(388): include_once('/opt/lampp/htdo...')
#8 /opt/lampp/htdocs/CarbonOnClick/wp-config.php(92): require_once('/opt/lampp/htdo...')
#9 /opt/lampp/htdocs/CarbonOnClick/wp-load.php(37): require_once('/opt/lampp/htdo...')
#10 /opt/lampp/htdocs/CarbonOnClick/wp-blog-header.php(13): require_once('/opt/lampp/htdo...')
#11 /opt/lampp/htdocs/CarbonOnClick/index.php(17): require('/opt/lampp/htdo...')
#12 {main}
